<?xml version="1.0" encoding="UTF-8"?>
<testsuite name="com.spring.jpatest.JpatestApplicationTests" tests="1" skipped="0" failures="0" errors="0" timestamp="2024-11-11T11:19:26" hostname="DESKTOP-G72O4BR" time="0.418">
  <properties/>
  <testcase name="contextLoads()" classname="com.spring.jpatest.JpatestApplicationTests" time="0.418"/>
  <system-out><![CDATA[20:19:22.970 [Test worker] INFO org.springframework.test.context.support.AnnotationConfigContextLoaderUtils -- Could not detect default configuration classes for test class [com.spring.jpatest.JpatestApplicationTests]: JpatestApplicationTests does not declare any static, non-private, non-final, nested classes annotated with @Configuration.
20:19:23.062 [Test worker] INFO org.springframework.boot.test.context.SpringBootTestContextBootstrapper -- Found @SpringBootConfiguration com.spring.jpatest.JpatestApplication for test class com.spring.jpatest.JpatestApplicationTests

  .   ____          _            __ _ _
 /\\ / ___'_ __ _ _(_)_ __  __ _ \ \ \ \
( ( )\___ | '_ | '_| | '_ \/ _` | \ \ \ \
 \\/  ___)| |_)| | | | | || (_| |  ) ) ) )
  '  |____| .__|_| |_|_| |_\__, | / / / /
 =========|_|==============|___/=/_/_/_/

 :: Spring Boot ::       (v3.3.6-SNAPSHOT)

2024-11-11T20:19:23.376+09:00  INFO 54040 --- [jpatest] [    Test worker] c.s.jpatest.JpatestApplicationTests      : Starting JpatestApplicationTests using Java 17.0.13 with PID 54040 (started by dabean in E:\github_desktop\jpatest)
2024-11-11T20:19:23.377+09:00  INFO 54040 --- [jpatest] [    Test worker] c.s.jpatest.JpatestApplicationTests      : No active profile set, falling back to 1 default profile: "default"
2024-11-11T20:19:23.902+09:00  INFO 54040 --- [jpatest] [    Test worker] .s.d.r.c.RepositoryConfigurationDelegate : Bootstrapping Spring Data JPA repositories in DEFAULT mode.
2024-11-11T20:19:23.955+09:00  INFO 54040 --- [jpatest] [    Test worker] .s.d.r.c.RepositoryConfigurationDelegate : Finished Spring Data repository scanning in 46 ms. Found 2 JPA repository interfaces.
2024-11-11T20:19:24.498+09:00  INFO 54040 --- [jpatest] [    Test worker] o.hibernate.jpa.internal.util.LogHelper  : HHH000204: Processing PersistenceUnitInfo [name: default]
2024-11-11T20:19:24.608+09:00  INFO 54040 --- [jpatest] [    Test worker] org.hibernate.Version                    : HHH000412: Hibernate ORM core version 6.5.3.Final
2024-11-11T20:19:24.648+09:00  INFO 54040 --- [jpatest] [    Test worker] o.h.c.internal.RegionFactoryInitiator    : HHH000026: Second-level cache disabled
2024-11-11T20:19:24.923+09:00  INFO 54040 --- [jpatest] [    Test worker] o.s.o.j.p.SpringPersistenceUnitInfo      : No LoadTimeWeaver setup: ignoring JPA class transformer
2024-11-11T20:19:24.947+09:00  INFO 54040 --- [jpatest] [    Test worker] com.zaxxer.hikari.HikariDataSource       : HikariPool-1 - Starting...
2024-11-11T20:19:25.012+09:00  INFO 54040 --- [jpatest] [    Test worker] com.zaxxer.hikari.pool.HikariPool        : HikariPool-1 - Added connection org.mariadb.jdbc.Connection@c5a2d5
2024-11-11T20:19:25.014+09:00  INFO 54040 --- [jpatest] [    Test worker] com.zaxxer.hikari.HikariDataSource       : HikariPool-1 - Start completed.
2024-11-11T20:19:25.623+09:00  INFO 54040 --- [jpatest] [    Test worker] o.h.e.t.j.p.i.JtaPlatformInitiator       : HHH000489: No JTA platform available (set 'hibernate.transaction.jta.platform' to enable JTA platform integration)
2024-11-11T20:19:25.625+09:00  INFO 54040 --- [jpatest] [    Test worker] j.LocalContainerEntityManagerFactoryBean : Initialized JPA EntityManagerFactory for persistence unit 'default'
2024-11-11T20:19:25.882+09:00  INFO 54040 --- [jpatest] [    Test worker] o.s.d.j.r.query.QueryEnhancerFactory     : Hibernate is in classpath; If applicable, HQL parser will be used.
2024-11-11T20:19:26.406+09:00  WARN 54040 --- [jpatest] [    Test worker] JpaBaseConfiguration$JpaWebConfiguration : spring.jpa.open-in-view is enabled by default. Therefore, database queries may be performed during view rendering. Explicitly configure spring.jpa.open-in-view to disable this warning
2024-11-11T20:19:26.840+09:00  INFO 54040 --- [jpatest] [    Test worker] c.s.jpatest.JpatestApplicationTests      : Started JpatestApplicationTests in 3.641 seconds (process running for 4.71)
]]></system-out>
  <system-err><![CDATA[]]></system-err>
</testsuite>
